Starting cleanup: Tue Nov 18 08:34:59 UTC 2025
Mode: dry-run
Fetching all subscription snapshots...

📌 DRY-RUN — SNAPSHOT CHECK
NAME                                     RG                   RETENTION    AGE    DELETE?
-----------------------------------------------------------------------------------------------
vm1-data-disk-1-17-11-2025-18-17-automated-backup RG-SNAPSHOT-TEST     7            0      NO    
vm1-test-17-11-2025-112358-automated-backup RG-SNAPSHOT-TEST     14           1      NO    
vm1-test-17-11-2025-112358-automated-backup-data-1 RG-SNAPSHOT-TEST     14           1      NO    
vm1-test-17-11-2025-12-05-automated-backup RG-SNAPSHOT-TEST     14           1      NO    
vm1-test-17-11-2025-12-05-automated-backup-data-1 RG-SNAPSHOT-TEST     14           1      NO    
vm1-test-17-11-2025-13-36-automated-backup RG-SNAPSHOT-TEST     14           1      NO    
vm1-test-17-11-2025-13-36-automated-backup-data-1 RG-SNAPSHOT-TEST     14           1      NO    
vm1-test-17-11-2025-14-16-automated-backup RG-SNAPSHOT-TEST     7            0      NO    
vm1-test-17-11-2025-14-38-automated-backup RG-SNAPSHOT-TEST     14           0      NO    
vm1-test-17-11-2025-17-28-automated-backup RG-SNAPSHOT-TEST     7            0      NO    
vm1-test-17-11-2025-18-17-automated-backup RG-SNAPSHOT-TEST     7            0      NO    
vm1-test-18-11-2025-10-13-automated-backup RG-SNAPSHOT-TEST     7            0      NO    
vm2-test-17-11-2025-11-47-automated-backup RG-SNAPSHOT-TEST     30           1      NO    
vm2-test-17-11-2025-112358-automated-backup RG-SNAPSHOT-TEST     30           1      NO    
vm2-test-17-11-2025-12-05-automated-backup RG-SNAPSHOT-TEST     30           1      NO    
vm2-test-17-11-2025-13-36-automated-backup RG-SNAPSHOT-TEST     30           1      NO    
vm2-test-17-11-2025-14-16-automated-backup RG-SNAPSHOT-TEST     7            0      NO    
vm2-test-17-11-2025-14-38-automated-backup RG-SNAPSHOT-TEST     30           0      NO    
vm2-test-17-11-2025-17-28-automated-backup RG-SNAPSHOT-TEST     7            0      NO    
vm2-test-17-11-2025-18-17-automated-backup RG-SNAPSHOT-TEST     14           0      NO    
vm2-test-18-11-2025-10-13-automated-backup RG-SNAPSHOT-TEST     14           0      NO    

✔ DRY RUN ONLY — NO DELETIONS PERFORMED
Cleanup complete.
